<?xml version="1.0" encoding="UTF-8"?>
<!-- Generated by org.testng.reporters.JUnitXMLReporter -->
<testsuite hostname="DESKTOP-987SG1D" ignored="0" name="Test" tests="11" failures="0" timestamp="2020-08-25T08:46:32 IST" time="299.979" errors="0">
  <testcase name="menuveify" time="8.073" classname="com.wordpress.qa.testcases.ProductsPageTest"/>
  <testcase name="menuveify" time="8.736" classname="com.wordpress.qa.testcases.CropsPageTest"/>
  <testcase name="menuveify" time="8.698" classname="com.wordpress.qa.testcases.GalleryPageTest"/>
  <testcase name="menuveify" time="8.766" classname="com.wordpress.qa.testcases.BPNPageTest"/>
  <testcase name="menuveify" time="0.08" classname="com.wordpress.qa.testcases.HomePageTest"/>
  <testcase name="aboutveify" time="15.261" classname="com.wordpress.qa.testcases.HomePageTest"/>
  <testcase name="productveify" time="8.274" classname="com.wordpress.qa.testcases.HomePageTest"/>
  <testcase name="cropsveify" time="8.685" classname="com.wordpress.qa.testcases.HomePageTest"/>
  <testcase name="BPNveify" time="8.582" classname="com.wordpress.qa.testcases.HomePageTest"/>
  <testcase name="Galleryveify" time="9.215" classname="com.wordpress.qa.testcases.HomePageTest"/>
  <testcase name="menuveify" time="14.497" classname="com.wordpress.qa.testcases.AboutUsPageTest"/>
</testsuite> <!-- Test -->
